<?xml version="1.0" encoding="UTF-8"?>
<!-- Generated by org.testng.reporters.JUnitReportReporter -->
<testsuite hostname="LAPTOP-9AIIMQ77" failures="0" tests="20" name="Test.Loginvalidation" time="74.424" errors="0" timestamp="2021-08-15T20:10:19 IST" skipped="0">
  <testcase classname="Test.Loginvalidation" name="hovermobile" time="3.190"/>
  <system-out>
 Click on Mobile hover  </system-out>
  <testcase classname="Test.Loginvalidation" name="windowchange" time="3.259"/>
  <system-out>
 Window Change  </system-out>
  <testcase classname="Test.Loginvalidation" name="windowclose1" time="0.073"/>
  <system-out>
 Window closed  </system-out>
  <testcase classname="Test.Loginvalidation" name="windowclose" time="0.103"/>
  <system-out>
 Window closed  </system-out>
  <testcase classname="Test.Loginvalidation" name="windowclose2" time="0.143"/>
  <system-out>
 Window closed  </system-out>
  <testcase classname="Test.Loginvalidation" name="Scrolldown" time="3.157"/>
  <system-out>
 Scrolling down the page  </system-out>
  <testcase classname="Test.Loginvalidation" name="Productdetails" time="3.123"/>
  <system-out>
 Product Details  </system-out>
  <testcase classname="Test.Loginvalidation" name="ScrollUp" time="0.050"/>
  <system-out>
 Scrolling Up the page  </system-out>
  <testcase classname="Test.Loginvalidation" name="enterviaRobot" time="10.633"/>
  <system-out/>
  <testcase classname="Test.Loginvalidation" name="checkboxclick" time="3.608"/>
  <system-out>
 Checkbox click  </system-out>
  <testcase classname="Test.Loginvalidation" name="headphoneclick" time="2.403"/>
  <system-out>
 Headphone click  </system-out>
  <testcase classname="Test.Loginvalidation" name="ClickMobiles" time="1.762"/>
  <system-out>
 Click on Mobiles  </system-out>
  <testcase classname="Test.Loginvalidation" name="loginvalidation2" time="2.914"/>
  <system-out>
 Click on Sign on  </system-out>
  <testcase classname="Test.Loginvalidation" name="switchtab" time="0.111"/>
  <system-out>
 Window switched  </system-out>
  <testcase classname="Test.Loginvalidation" name="Signin" time="7.151"/>
  <system-out>
 Sign in Functionality  </system-out>
  <testcase classname="Test.Loginvalidation" name="Moblink" time="8.400"/>
  <system-out>
 Click on OnePlus Mobile link  </system-out>
  <testcase classname="Test.Loginvalidation" name="loginvalidation1" time="5.208"/>
  <system-out>
 Click on Sign on  </system-out>
  <testcase classname="Test.Loginvalidation" name="Clickelectronice" time="4.531"/>
  <system-out>
 Click on Electronics  </system-out>
  <testcase classname="Test.Loginvalidation" name="loginvalidation3" time="4.657"/>
  <system-out>
 Click on Sign on  </system-out>
  <testcase classname="Test.Loginvalidation" name="clickoneplus" time="9.948"/>
  <system-out>
 Click on OnePlus  </system-out>
</testsuite> <!-- Test.Loginvalidation -->
