<?xml version="1.0" encoding="UTF-8"?>
<!-- Generated by org.testng.reporters.JUnitReportReporter -->
<testsuite hostname="LAPTOP-9AIIMQ77" failures="0" tests="2" name="Test.Basicvalidation" time="0.124" errors="0" timestamp="2021-08-15T20:10:19 IST" skipped="0">
  <testcase classname="Test.Basicvalidation" name="URLvalidation" time="0.069"/>
  <system-out>
Expected URL = https://www.amazon.in/ Actual URL = https://www.amazon.in/  </system-out>
  <testcase classname="Test.Basicvalidation" name="titlevalidation" time="0.055"/>
  <system-out>
Expected title = Online Shopping site in India: Shop Online for Mobiles, Books, Watches, Shoes and More - Amazon.in Actual title = Online Shopping site in India: Shop Online for Mobiles, Books, Watches, Shoes and More - Amazon.in  </system-out>
</testsuite> <!-- Test.Basicvalidation -->
